The target system is: iOS -  - 
The host system is: Darwin - 13.4.0 - x86_64
Compiling the CXX compiler identification source file "CMakeCXXCompilerId.cpp" succeeded.
Compiler:  
Build flags: 
Id flags: 

The output was:
0
2015-11-01 17:33:27.584 xcodebuild[2118:1007] [MT] iPhoneSimulator: SimVerifier returned: Error Domain=NSPOSIXErrorDomain Code=53 "Simulator verification failed." UserInfo=0x7fbabb47e9c0 {NSLocalizedFailureReason=A connection to the simulator verification service could not be established., NSLocalizedRecoverySuggestion=Ensure that Xcode.app is installed on a volume with ownership enabled., NSLocalizedDescription=Simulator verification failed.}
=== BUILD TARGET CompilerIdCXX OF PROJECT CompilerIdCXX WITH THE DEFAULT CONFIGURATION (Debug) ===

Check dependencies

Write auxiliary files
/bin/mkdir -p /Users/nayeonk/Documents/MIT/UROP/superUROP/Rephotography/ios/build/iPhoneOS-armv7/CMakeFiles/3.3.2/CompilerIdCXX/CompilerIdCXX.build/Debug/CompilerIdCXX.build
write-file /Users/nayeonk/Documents/MIT/UROP/superUROP/Rephotography/ios/build/iPhoneOS-armv7/CMakeFiles/3.3.2/CompilerIdCXX/CompilerIdCXX.build/Debug/CompilerIdCXX.build/CompilerIdCXX-own-target-headers.hmap
write-file /Users/nayeonk/Documents/MIT/UROP/superUROP/Rephotography/ios/build/iPhoneOS-armv7/CMakeFiles/3.3.2/CompilerIdCXX/CompilerIdCXX.build/Debug/CompilerIdCXX.build/Script-2C8FEB8E15DC1A1A00E56A5D.sh
chmod 0755 /Users/nayeonk/Documents/MIT/UROP/superUROP/Rephotography/ios/build/iPhoneOS-armv7/CMakeFiles/3.3.2/CompilerIdCXX/CompilerIdCXX.build/Debug/CompilerIdCXX.build/Script-2C8FEB8E15DC1A1A00E56A5D.sh
write-file /Users/nayeonk/Documents/MIT/UROP/superUROP/Rephotography/ios/build/iPhoneOS-armv7/CMakeFiles/3.3.2/CompilerIdCXX/CompilerIdCXX.build/Debug/CompilerIdCXX.build/CompilerIdCXX-all-non-framework-target-headers.hmap
write-file /Users/nayeonk/Documents/MIT/UROP/superUROP/Rephotography/ios/build/iPhoneOS-armv7/CMakeFiles/3.3.2/CompilerIdCXX/CompilerIdCXX.build/Debug/CompilerIdCXX.build/CompilerIdCXX-all-target-headers.hmap
/bin/mkdir -p /Users/nayeonk/Documents/MIT/UROP/superUROP/Rephotography/ios/build/iPhoneOS-armv7/CMakeFiles/3.3.2/CompilerIdCXX/CompilerIdCXX.build/Debug/CompilerIdCXX.build/Objects-normal/x86_64
write-file /Users/nayeonk/Documents/MIT/UROP/superUROP/Rephotography/ios/build/iPhoneOS-armv7/CMakeFiles/3.3.2/CompilerIdCXX/CompilerIdCXX.build/Debug/CompilerIdCXX.build/Objects-normal/x86_64/CompilerIdCXX.LinkFileList
write-file /Users/nayeonk/Documents/MIT/UROP/superUROP/Rephotography/ios/build/iPhoneOS-armv7/CMakeFiles/3.3.2/CompilerIdCXX/CompilerIdCXX.build/Debug/CompilerIdCXX.build/CompilerIdCXX-project-headers.hmap
write-file /Users/nayeonk/Documents/MIT/UROP/superUROP/Rephotography/ios/build/iPhoneOS-armv7/CMakeFiles/3.3.2/CompilerIdCXX/CompilerIdCXX.build/Debug/CompilerIdCXX.build/CompilerIdCXX.hmap
write-file /Users/nayeonk/Documents/MIT/UROP/superUROP/Rephotography/ios/build/iPhoneOS-armv7/CMakeFiles/3.3.2/CompilerIdCXX/CompilerIdCXX.build/Debug/CompilerIdCXX.build/CompilerIdCXX-generated-files.hmap

CompileC CompilerIdCXX.build/Debug/CompilerIdCXX.build/Objects-normal/x86_64/CMakeCXXCompilerId.o CMakeCXXCompilerId.cpp normal x86_64 c++ com.apple.compilers.llvm.clang.1_0.compiler
    cd /Users/nayeonk/Documents/MIT/UROP/superUROP/Rephotography/ios/build/iPhoneOS-armv7/CMakeFiles/3.3.2/CompilerIdCXX
    export LANG=en_US.US-ASCII
    /Applications/Xcode.app/Contents/Developer/Toolchains/XcodeDefault.xctoolchain/usr/bin/clang -x c++ -arch x86_64 -fmessage-length=0 -fdiagnostics-show-note-include-stack -fmacro-backtrace-limit=0 -Wno-trigraphs -fpascal-strings -Os -Wno-missing-field-initializers -Wno-missing-prototypes -Wno-return-type -Wno-non-virtual-dtor -Wno-overloaded-virtual -Wno-exit-time-destructors -Wno-missing-braces -Wparentheses -Wswitch -Wno-unused-function -Wno-unused-label -Wno-unused-parameter -Wno-unused-variable -Wunused-value -Wno-empty-body -Wno-uninitialized -Wno-unknown-pragmas -Wno-shadow -Wno-four-char-constants -Wno-conversion -Wno-constant-conversion -Wno-int-conversion -Wno-bool-conversion -Wno-enum-conversion -Wno-shorten-64-to-32 -Wno-newline-eof -Wno-c++11-extensions -isysroot /Applications/Xcode.app/Contents/Developer/Platforms/MacOSX.platform/Developer/SDKs/MacOSX10.10.sdk -fasm-blocks -fstrict-aliasing -Wdeprecated-declarations -Winvalid-offsetof -mmacosx-version-min=10.10 -g -fvisibility=hidden -fvisibility-inlines-hidden -Wno-sign-conversion -I/Users/nayeonk/Documents/MIT/UROP/superUROP/Rephotography/ios/build/iPhoneOS-armv7/CMakeFiles/3.3.2/CompilerIdCXX/CompilerIdCXX.build/Debug/CompilerIdCXX.build/CompilerIdCXX.hmap -I/Users/nayeonk/Documents/MIT/UROP/superUROP/Rephotography/ios/build/iPhoneOS-armv7/CMakeFiles/3.3.2/CompilerIdCXX/include -I/Applications/Xcode.app/Contents/Developer/Toolchains/XcodeDefault.xctoolchain/usr/include -I/Users/nayeonk/Documents/MIT/UROP/superUROP/Rephotography/ios/build/iPhoneOS-armv7/CMakeFiles/3.3.2/CompilerIdCXX/CompilerIdCXX.build/Debug/CompilerIdCXX.build/DerivedSources/x86_64 -I/Users/nayeonk/Documents/MIT/UROP/superUROP/Rephotography/ios/build/iPhoneOS-armv7/CMakeFiles/3.3.2/CompilerIdCXX/CompilerIdCXX.build/Debug/CompilerIdCXX.build/DerivedSources -F/Users/nayeonk/Documents/MIT/UROP/superUROP/Rephotography/ios/build/iPhoneOS-armv7/CMakeFiles/3.3.2/CompilerIdCXX -MMD -MT dependencies -MF /Users/nayeonk/Documents/MIT/UROP/superUROP/Rephotography/ios/build/iPhoneOS-armv7/CMakeFiles/3.3.2/CompilerIdCXX/CompilerIdCXX.build/Debug/CompilerIdCXX.build/Objects-normal/x86_64/CMakeCXXCompilerId.d --serialize-diagnostics /Users/nayeonk/Documents/MIT/UROP/superUROP/Rephotography/ios/build/iPhoneOS-armv7/CMakeFiles/3.3.2/CompilerIdCXX/CompilerIdCXX.build/Debug/CompilerIdCXX.build/Objects-normal/x86_64/CMakeCXXCompilerId.dia -c /Users/nayeonk/Documents/MIT/UROP/superUROP/Rephotography/ios/build/iPhoneOS-armv7/CMakeFiles/3.3.2/CompilerIdCXX/CMakeCXXCompilerId.cpp -o /Users/nayeonk/Documents/MIT/UROP/superUROP/Rephotography/ios/build/iPhoneOS-armv7/CMakeFiles/3.3.2/CompilerIdCXX/CompilerIdCXX.build/Debug/CompilerIdCXX.build/Objects-normal/x86_64/CMakeCXXCompilerId.o

Ld CompilerIdCXX normal x86_64
    cd /Users/nayeonk/Documents/MIT/UROP/superUROP/Rephotography/ios/build/iPhoneOS-armv7/CMakeFiles/3.3.2/CompilerIdCXX
    export MACOSX_DEPLOYMENT_TARGET=10.10
    /Applications/Xcode.app/Contents/Developer/Toolchains/XcodeDefault.xctoolchain/usr/bin/clang++ -arch x86_64 -isysroot /Applications/Xcode.app/Contents/Developer/Platforms/MacOSX.platform/Developer/SDKs/MacOSX10.10.sdk -L/Users/nayeonk/Documents/MIT/UROP/superUROP/Rephotography/ios/build/iPhoneOS-armv7/CMakeFiles/3.3.2/CompilerIdCXX -F/Users/nayeonk/Documents/MIT/UROP/superUROP/Rephotography/ios/build/iPhoneOS-armv7/CMakeFiles/3.3.2/CompilerIdCXX -filelist /Users/nayeonk/Documents/MIT/UROP/superUROP/Rephotography/ios/build/iPhoneOS-armv7/CMakeFiles/3.3.2/CompilerIdCXX/CompilerIdCXX.build/Debug/CompilerIdCXX.build/Objects-normal/x86_64/CompilerIdCXX.LinkFileList -mmacosx-version-min=10.10 -Xlinker -dependency_info -Xlinker /Users/nayeonk/Documents/MIT/UROP/superUROP/Rephotography/ios/build/iPhoneOS-armv7/CMakeFiles/3.3.2/CompilerIdCXX/CompilerIdCXX.build/Debug/CompilerIdCXX.build/Objects-normal/x86_64/CompilerIdCXX_dependency_info.dat -o /Users/nayeonk/Documents/MIT/UROP/superUROP/Rephotography/ios/build/iPhoneOS-armv7/CMakeFiles/3.3.2/CompilerIdCXX/CompilerIdCXX

PhaseScriptExecution Run\ Script CompilerIdCXX.build/Debug/CompilerIdCXX.build/Script-2C8FEB8E15DC1A1A00E56A5D.sh
    cd /Users/nayeonk/Documents/MIT/UROP/superUROP/Rephotography/ios/build/iPhoneOS-armv7/CMakeFiles/3.3.2/CompilerIdCXX
    /bin/sh -c /Users/nayeonk/Documents/MIT/UROP/superUROP/Rephotography/ios/build/iPhoneOS-armv7/CMakeFiles/3.3.2/CompilerIdCXX/CompilerIdCXX.build/Debug/CompilerIdCXX.build/Script-2C8FEB8E15DC1A1A00E56A5D.sh
GCC_VERSION=com.apple.compilers.llvm.clang.1_0

** BUILD SUCCEEDED **



Compilation of the CXX compiler identification source "CMakeCXXCompilerId.cpp" produced "CompilerIdCXX"

The CXX compiler identification is AppleClang, found in "/Users/nayeonk/Documents/MIT/UROP/superUROP/Rephotography/ios/build/iPhoneOS-armv7/CMakeFiles/3.3.2/CompilerIdCXX/CompilerIdCXX"

Compiling the C compiler identification source file "CMakeCCompilerId.c" succeeded.
Compiler:  
Build flags: -Wno-implicit-function-declaration
Id flags: 

The output was:
0
2015-11-01 17:33:49.588 xcodebuild[2159:1007] [MT] iPhoneSimulator: SimVerifier returned: Error Domain=NSPOSIXErrorDomain Code=53 "Simulator verification failed." UserInfo=0x7f81d3d1adc0 {NSLocalizedFailureReason=A connection to the simulator verification service could not be established., NSLocalizedRecoverySuggestion=Ensure that Xcode.app is installed on a volume with ownership enabled., NSLocalizedDescription=Simulator verification failed.}
=== BUILD TARGET CompilerIdC OF PROJECT CompilerIdC WITH THE DEFAULT CONFIGURATION (Debug) ===

Check dependencies

Write auxiliary files
/bin/mkdir -p /Users/nayeonk/Documents/MIT/UROP/superUROP/Rephotography/ios/build/iPhoneOS-armv7/CMakeFiles/3.3.2/CompilerIdC/CompilerIdC.build/Debug/CompilerIdC.build
write-file /Users/nayeonk/Documents/MIT/UROP/superUROP/Rephotography/ios/build/iPhoneOS-armv7/CMakeFiles/3.3.2/CompilerIdC/CompilerIdC.build/Debug/CompilerIdC.build/CompilerIdC-all-target-headers.hmap
write-file /Users/nayeonk/Documents/MIT/UROP/superUROP/Rephotography/ios/build/iPhoneOS-armv7/CMakeFiles/3.3.2/CompilerIdC/CompilerIdC.build/Debug/CompilerIdC.build/CompilerIdC-project-headers.hmap
write-file /Users/nayeonk/Documents/MIT/UROP/superUROP/Rephotography/ios/build/iPhoneOS-armv7/CMakeFiles/3.3.2/CompilerIdC/CompilerIdC.build/Debug/CompilerIdC.build/CompilerIdC-all-non-framework-target-headers.hmap
write-file /Users/nayeonk/Documents/MIT/UROP/superUROP/Rephotography/ios/build/iPhoneOS-armv7/CMakeFiles/3.3.2/CompilerIdC/CompilerIdC.build/Debug/CompilerIdC.build/CompilerIdC.hmap
/bin/mkdir -p /Users/nayeonk/Documents/MIT/UROP/superUROP/Rephotography/ios/build/iPhoneOS-armv7/CMakeFiles/3.3.2/CompilerIdC/CompilerIdC.build/Debug/CompilerIdC.build/Objects-normal/x86_64
write-file /Users/nayeonk/Documents/MIT/UROP/superUROP/Rephotography/ios/build/iPhoneOS-armv7/CMakeFiles/3.3.2/CompilerIdC/CompilerIdC.build/Debug/CompilerIdC.build/Objects-normal/x86_64/CompilerIdC.LinkFileList
write-file /Users/nayeonk/Documents/MIT/UROP/superUROP/Rephotography/ios/build/iPhoneOS-armv7/CMakeFiles/3.3.2/CompilerIdC/CompilerIdC.build/Debug/CompilerIdC.build/CompilerIdC-own-target-headers.hmap
write-file /Users/nayeonk/Documents/MIT/UROP/superUROP/Rephotography/ios/build/iPhoneOS-armv7/CMakeFiles/3.3.2/CompilerIdC/CompilerIdC.build/Debug/CompilerIdC.build/CompilerIdC-generated-files.hmap
write-file /Users/nayeonk/Documents/MIT/UROP/superUROP/Rephotography/ios/build/iPhoneOS-armv7/CMakeFiles/3.3.2/CompilerIdC/CompilerIdC.build/Debug/CompilerIdC.build/Script-2C8FEB8E15DC1A1A00E56A5D.sh
chmod 0755 /Users/nayeonk/Documents/MIT/UROP/superUROP/Rephotography/ios/build/iPhoneOS-armv7/CMakeFiles/3.3.2/CompilerIdC/CompilerIdC.build/Debug/CompilerIdC.build/Script-2C8FEB8E15DC1A1A00E56A5D.sh

CompileC CompilerIdC.build/Debug/CompilerIdC.build/Objects-normal/x86_64/CMakeCCompilerId.o CMakeCCompilerId.c normal x86_64 c com.apple.compilers.llvm.clang.1_0.compiler
    cd /Users/nayeonk/Documents/MIT/UROP/superUROP/Rephotography/ios/build/iPhoneOS-armv7/CMakeFiles/3.3.2/CompilerIdC
    export LANG=en_US.US-ASCII
    /Applications/Xcode.app/Contents/Developer/Toolchains/XcodeDefault.xctoolchain/usr/bin/clang -x c -arch x86_64 -fmessage-length=0 -fdiagnostics-show-note-include-stack -fmacro-backtrace-limit=0 -Wno-trigraphs -fpascal-strings -Os -Wno-missing-field-initializers -Wno-missing-prototypes -Wno-return-type -Wno-missing-braces -Wparentheses -Wswitch -Wno-unused-function -Wno-unused-label -Wno-unused-parameter -Wno-unused-variable -Wunused-value -Wno-empty-body -Wno-uninitialized -Wno-unknown-pragmas -Wno-shadow -Wno-four-char-constants -Wno-conversion -Wno-constant-conversion -Wno-int-conversion -Wno-bool-conversion -Wno-enum-conversion -Wno-shorten-64-to-32 -Wpointer-sign -Wno-newline-eof -isysroot /Applications/Xcode.app/Contents/Developer/Platforms/MacOSX.platform/Developer/SDKs/MacOSX10.10.sdk -fasm-blocks -fstrict-aliasing -Wdeprecated-declarations -mmacosx-version-min=10.10 -g -fvisibility=hidden -Wno-sign-conversion -I/Users/nayeonk/Documents/MIT/UROP/superUROP/Rephotography/ios/build/iPhoneOS-armv7/CMakeFiles/3.3.2/CompilerIdC/CompilerIdC.build/Debug/CompilerIdC.build/CompilerIdC.hmap -I/Users/nayeonk/Documents/MIT/UROP/superUROP/Rephotography/ios/build/iPhoneOS-armv7/CMakeFiles/3.3.2/CompilerIdC/include -I/Applications/Xcode.app/Contents/Developer/Toolchains/XcodeDefault.xctoolchain/usr/include -I/Users/nayeonk/Documents/MIT/UROP/superUROP/Rephotography/ios/build/iPhoneOS-armv7/CMakeFiles/3.3.2/CompilerIdC/CompilerIdC.build/Debug/CompilerIdC.build/DerivedSources/x86_64 -I/Users/nayeonk/Documents/MIT/UROP/superUROP/Rephotography/ios/build/iPhoneOS-armv7/CMakeFiles/3.3.2/CompilerIdC/CompilerIdC.build/Debug/CompilerIdC.build/DerivedSources -F/Users/nayeonk/Documents/MIT/UROP/superUROP/Rephotography/ios/build/iPhoneOS-armv7/CMakeFiles/3.3.2/CompilerIdC -MMD -MT dependencies -MF /Users/nayeonk/Documents/MIT/UROP/superUROP/Rephotography/ios/build/iPhoneOS-armv7/CMakeFiles/3.3.2/CompilerIdC/CompilerIdC.build/Debug/CompilerIdC.build/Objects-normal/x86_64/CMakeCCompilerId.d --serialize-diagnostics /Users/nayeonk/Documents/MIT/UROP/superUROP/Rephotography/ios/build/iPhoneOS-armv7/CMakeFiles/3.3.2/CompilerIdC/CompilerIdC.build/Debug/CompilerIdC.build/Objects-normal/x86_64/CMakeCCompilerId.dia -c /Users/nayeonk/Documents/MIT/UROP/superUROP/Rephotography/ios/build/iPhoneOS-armv7/CMakeFiles/3.3.2/CompilerIdC/CMakeCCompilerId.c -o /Users/nayeonk/Documents/MIT/UROP/superUROP/Rephotography/ios/build/iPhoneOS-armv7/CMakeFiles/3.3.2/CompilerIdC/CompilerIdC.build/Debug/CompilerIdC.build/Objects-normal/x86_64/CMakeCCompilerId.o

Ld CompilerIdC normal x86_64
    cd /Users/nayeonk/Documents/MIT/UROP/superUROP/Rephotography/ios/build/iPhoneOS-armv7/CMakeFiles/3.3.2/CompilerIdC
    export MACOSX_DEPLOYMENT_TARGET=10.10
    /Applications/Xcode.app/Contents/Developer/Toolchains/XcodeDefault.xctoolchain/usr/bin/clang -arch x86_64 -isysroot /Applications/Xcode.app/Contents/Developer/Platforms/MacOSX.platform/Developer/SDKs/MacOSX10.10.sdk -L/Users/nayeonk/Documents/MIT/UROP/superUROP/Rephotography/ios/build/iPhoneOS-armv7/CMakeFiles/3.3.2/CompilerIdC -F/Users/nayeonk/Documents/MIT/UROP/superUROP/Rephotography/ios/build/iPhoneOS-armv7/CMakeFiles/3.3.2/CompilerIdC -filelist /Users/nayeonk/Documents/MIT/UROP/superUROP/Rephotography/ios/build/iPhoneOS-armv7/CMakeFiles/3.3.2/CompilerIdC/CompilerIdC.build/Debug/CompilerIdC.build/Objects-normal/x86_64/CompilerIdC.LinkFileList -mmacosx-version-min=10.10 -Xlinker -dependency_info -Xlinker /Users/nayeonk/Documents/MIT/UROP/superUROP/Rephotography/ios/build/iPhoneOS-armv7/CMakeFiles/3.3.2/CompilerIdC/CompilerIdC.build/Debug/CompilerIdC.build/Objects-normal/x86_64/CompilerIdC_dependency_info.dat -o /Users/nayeonk/Documents/MIT/UROP/superUROP/Rephotography/ios/build/iPhoneOS-armv7/CMakeFiles/3.3.2/CompilerIdC/CompilerIdC

PhaseScriptExecution Run\ Script CompilerIdC.build/Debug/CompilerIdC.build/Script-2C8FEB8E15DC1A1A00E56A5D.sh
    cd /Users/nayeonk/Documents/MIT/UROP/superUROP/Rephotography/ios/build/iPhoneOS-armv7/CMakeFiles/3.3.2/CompilerIdC
    /bin/sh -c /Users/nayeonk/Documents/MIT/UROP/superUROP/Rephotography/ios/build/iPhoneOS-armv7/CMakeFiles/3.3.2/CompilerIdC/CompilerIdC.build/Debug/CompilerIdC.build/Script-2C8FEB8E15DC1A1A00E56A5D.sh
GCC_VERSION=com.apple.compilers.llvm.clang.1_0

** BUILD SUCCEEDED **



Compilation of the C compiler identification source "CMakeCCompilerId.c" produced "CompilerIdC"

The C compiler identification is AppleClang, found in "/Users/nayeonk/Documents/MIT/UROP/superUROP/Rephotography/ios/build/iPhoneOS-armv7/CMakeFiles/3.3.2/CompilerIdC/CompilerIdC"

